openCVLibrary341/build/outputs/logs/manifest-merger-debug-report.txt
-- Merging decision tree log ---
manifest
ADDED from openCVLibrary341/java/AndroidManifest.xml:2:1-6:12
INJECTED from openCVLibrary341/java/AndroidManifest.xml:2:1-6:12
INJECTED from openCVLibrary341/java/AndroidManifest.xml:2:1-6:12
	package
		ADDED from openCVLibrary341/java/AndroidManifest.xml:3:5-25
		INJECTED from openCVLibrary341/java/AndroidManifest.xml
		INJECTED from openCVLibrary341/java/AndroidManifest.xml
	xmlns:android
		ADDED from openCVLibrary341/java/AndroidManifest.xml:2:11-69
uses-sdk
INJECTED from openCVLibrary341/java/AndroidManifest.xml reason: use-sdk injection requested
INJECTED from openCVLibrary341/java/AndroidManifest.xml
INJECTED from openCVLibrary341/java/AndroidManifest.xml
INJECTED from openCVLibrary341/java/AndroidManifest.xml
INJECTED from openCVLibrary341/java/AndroidManifest.xml
	android:targetSdkVersion
		INJECTED from openCVLibrary341/java/AndroidManifest.xml
		ADDED from openCVLibrary341/java/AndroidManifest.xml
		INJECTED from openCVLibrary341/java/AndroidManifest.xml
	android:minSdkVersion
		INJECTED from openCVLibrary341/java/AndroidManifest.xml
		ADDED from openCVLibrary341/java/AndroidManifest.xml
		INJECTED from openCVLibrary341/java/AndroidManifest.xml